<?xml version="1.0" encoding="UTF-8"?>
<testng-results skipped="0" failed="0" ignored="0" total="1" passed="1">
  <reporter-output>
  </reporter-output>
  <suite name="Default suite" duration-ms="42092" started-at="2019-02-16T08:43:46Z" finished-at="2019-02-16T08:44:28Z">
    <groups>
    </groups>
    <test name="Default test" duration-ms="42092" started-at="2019-02-16T08:43:46Z" finished-at="2019-02-16T08:44:28Z">
      <class name="org.plivo.examples.AppTest">
        <test-method status="PASS" signature="runTest()[pri:0, instance:org.plivo.examples.AppTest@1494225]" name="runTest" duration-ms="41995" started-at="2019-02-16T08:43:46Z" finished-at="2019-02-16T08:44:28Z">
          <reporter-output>
          </reporter-output>
        </test-method> <!-- runTest -->
      </class> <!-- org.plivo.examples.AppTest -->
    </test> <!-- Default test -->
  </suite> <!-- Default suite -->
</testng-results>
